<?xml version="1.0" encoding="UTF-8"?>
<coverage generated="1621254655776" clover="3.2.0">
  <project timestamp="1621254655776" name="All files">
    <metrics statements="29" coveredstatements="29" conditionals="10" coveredconditionals="10" methods="3" coveredmethods="3" elements="42" coveredelements="42" complexity="0" loc="29" ncloc="29" packages="1" files="1" classes="1"/>
    <file name="mergeSort.ts" path="D:\projects\Git\jest\src\mergeSort.ts">
      <metrics statements="29" coveredstatements="29" conditionals="10" coveredconditionals="10" methods="3" coveredmethods="3"/>
      <line num="1" count="1" type="stmt"/>
      <line num="2" count="10" type="stmt"/>
      <line num="5" count="110" type="stmt"/>
      <line num="6" count="110" type="stmt"/>
      <line num="7" count="110" type="stmt"/>
      <line num="8" count="110" type="cond" truecount="2" falsecount="0"/>
      <line num="9" count="50" type="stmt"/>
      <line num="10" count="50" type="stmt"/>
      <line num="12" count="110" type="stmt"/>
      <line num="15" count="110" type="stmt"/>
      <line num="16" count="110" type="stmt"/>
      <line num="17" count="110" type="stmt"/>
      <line num="18" count="110" type="stmt"/>
      <line num="19" count="110" type="stmt"/>
      <line num="20" count="110" type="cond" truecount="2" falsecount="0"/>
      <line num="21" count="360" type="stmt"/>
      <line num="22" count="360" type="stmt"/>
      <line num="23" count="360" type="cond" truecount="2" falsecount="0"/>
      <line num="24" count="311" type="cond" truecount="2" falsecount="0"/>
      <line num="25" count="76" type="stmt"/>
      <line num="26" count="76" type="stmt"/>
      <line num="28" count="235" type="cond" truecount="2" falsecount="0"/>
      <line num="29" count="134" type="stmt"/>
      <line num="30" count="134" type="stmt"/>
      <line num="32" count="101" type="stmt"/>
      <line num="33" count="101" type="stmt"/>
      <line num="37" count="49" type="stmt"/>
      <line num="38" count="49" type="stmt"/>
      <line num="41" count="110" type="stmt"/>
    </file>
  </project>
</coverage>
