{"D:\\projects\\Git\\jest\\src\\mergeSort.ts": {"path":"D:\\projects\\Git\\jest\\src\\mergeSort.ts","statementMap":{"0":{"start":{"line":2,"column":2},"end":{"line":2,"column":23}},"1":{"start":{"line":1,"column":0},"end":{"line":1,"column":16}},"2":{"start":{"line":5,"column":19},"end":{"line":5,"column":46}},"3":{"start":{"line":6,"column":12},"end":{"line":6,"column":38}},"4":{"start":{"line":7,"column":13},"end":{"line":7,"column":36}},"5":{"start":{"line":8,"column":2},"end":{"line":11,"column":null}},"6":{"start":{"line":9,"column":4},"end":{"line":9,"column":22}},"7":{"start":{"line":10,"column":4},"end":{"line":10,"column":24}},"8":{"start":{"line":12,"column":2},"end":{"line":12,"column":28}},"9":{"start":{"line":15,"column":17},"end":{"line":15,"column":18}},"10":{"start":{"line":16,"column":18},"end":{"line":16,"column":19}},"11":{"start":{"line":17,"column":18},"end":{"line":17,"column":28}},"12":{"start":{"line":18,"column":19},"end":{"line":18,"column":30}},"13":{"start":{"line":19,"column":17},"end":{"line":19,"column":19}},"14":{"start":{"line":20,"column":2},"end":{"line":40,"column":null}},"15":{"start":{"line":21,"column":18},"end":{"line":21,"column":31}},"16":{"start":{"line":22,"column":19},"end":{"line":22,"column":34}},"17":{"start":{"line":23,"column":4},"end":{"line":39,"column":null}},"18":{"start":{"line":24,"column":6},"end":{"line":35,"column":null}},"19":{"start":{"line":25,"column":8},"end":{"line":25,"column":31}},"20":{"start":{"line":26,"column":8},"end":{"line":26,"column":19}},"21":{"start":{"line":28,"column":8},"end":{"line":34,"column":null}},"22":{"start":{"line":29,"column":10},"end":{"line":29,"column":33}},"23":{"start":{"line":30,"column":10},"end":{"line":30,"column":21}},"24":{"start":{"line":32,"column":10},"end":{"line":32,"column":34}},"25":{"start":{"line":33,"column":10},"end":{"line":33,"column":22}},"26":{"start":{"line":37,"column":6},"end":{"line":37,"column":30}},"27":{"start":{"line":38,"column":6},"end":{"line":38,"column":18}},"28":{"start":{"line":41,"column":2},"end":{"line":41,"column":18}}},"fnMap":{"0":{"name":"mergeSort","decl":{"start":{"line":1,"column":16},"end":{"line":1,"column":25}},"loc":{"start":{"line":1,"column":41},"end":{"line":3,"column":1}}},"1":{"name":"divide","decl":{"start":{"line":4,"column":9},"end":{"line":4,"column":15}},"loc":{"start":{"line":4,"column":31},"end":{"line":13,"column":1}}},"2":{"name":"combine","decl":{"start":{"line":14,"column":9},"end":{"line":14,"column":16}},"loc":{"start":{"line":14,"column":46},"end":{"line":42,"column":1}}}},"branchMap":{"0":{"loc":{"start":{"line":8,"column":2},"end":{"line":11,"column":null}},"type":"if","locations":[{"start":{"line":8,"column":2},"end":{"line":11,"column":null}},{"start":{"line":8,"column":2},"end":{"line":11,"column":null}}]},"1":{"loc":{"start":{"line":20,"column":9},"end":{"line":20,"column":29}},"type":"binary-expr","locations":[{"start":{"line":20,"column":9},"end":{"line":20,"column":29}},{"start":{"line":20,"column":33},"end":{"line":20,"column":55}}]},"2":{"loc":{"start":{"line":23,"column":4},"end":{"line":39,"column":null}},"type":"if","locations":[{"start":{"line":23,"column":4},"end":{"line":39,"column":null}},{"start":{"line":23,"column":4},"end":{"line":39,"column":null}}]},"3":{"loc":{"start":{"line":24,"column":6},"end":{"line":35,"column":null}},"type":"if","locations":[{"start":{"line":24,"column":6},"end":{"line":35,"column":null}},{"start":{"line":24,"column":6},"end":{"line":35,"column":null}}]},"4":{"loc":{"start":{"line":28,"column":8},"end":{"line":34,"column":null}},"type":"if","locations":[{"start":{"line":28,"column":8},"end":{"line":34,"column":null}},{"start":{"line":28,"column":8},"end":{"line":34,"column":null}}]}},"s":{"0":10,"1":1,"2":110,"3":110,"4":110,"5":110,"6":50,"7":50,"8":110,"9":110,"10":110,"11":110,"12":110,"13":110,"14":110,"15":360,"16":360,"17":360,"18":311,"19":76,"20":76,"21":235,"22":134,"23":134,"24":101,"25":101,"26":49,"27":49,"28":110},"f":{"0":10,"1":110,"2":110},"b":{"0":[50,60],"1":[470,159],"2":[311,49],"3":[76,235],"4":[134,101]}}
}
