TN:
SF:src\mergeSort.ts
FN:1,mergeSort
FN:4,divide
FN:14,combine
FNF:3
FNH:3
FNDA:10,mergeSort
FNDA:110,divide
FNDA:110,combine
DA:1,1
DA:2,10
DA:5,110
DA:6,110
DA:7,110
DA:8,110
DA:9,50
DA:10,50
DA:12,110
DA:15,110
DA:16,110
DA:17,110
DA:18,110
DA:19,110
DA:20,110
DA:21,360
DA:22,360
DA:23,360
DA:24,311
DA:25,76
DA:26,76
DA:28,235
DA:29,134
DA:30,134
DA:32,101
DA:33,101
DA:37,49
DA:38,49
DA:41,110
LF:29
LH:29
BRDA:8,0,0,50
BRDA:8,0,1,60
BRDA:20,1,0,470
BRDA:20,1,1,159
BRDA:23,2,0,311
BRDA:23,2,1,49
BRDA:24,3,0,76
BRDA:24,3,1,235
BRDA:28,4,0,134
BRDA:28,4,1,101
BRF:10
BRH:10
end_of_record
